
> repo-ranger@0.1.0 analyze
> cross-env ANALYZE=true next build

   ▲ Next.js 15.3.4

   Creating an optimized production build ...
[1mWebpack Bundle Analyzer[22m saved report to [1mC:\Users\JUNAID-EKO\Downloads\Repo-Ranger-1\.next\analyze\nodejs.html[22m

No bundles were parsed. Analyzer will show only original module sizes from stats file.

[1mWebpack Bundle Analyzer[22m saved report to [1mC:\Users\JUNAID-EKO\Downloads\Repo-Ranger-1\.next\analyze\edge.html[22m
Failed to compile.

./src/app/collections/page.tsx
Error:   [31mx[0m Expected '}', got '<eof>'
     ,-[[36;1;4mC:\Users\JUNAID-EKO\Downloads\Repo-Ranger-1\src\app\collections\page.tsx[0m:218:1]
 [2m215[0m |         </main>
 [2m216[0m |       </div>
 [2m217[0m |     </AuthGuard>
 [2m218[0m |   );
     : [35;1m   ^[0m
     `----

Caused by:
    Syntax Error

Import trace for requested module:
./src/app/collections/page.tsx

./src/app/layout.tsx
Error:   [31mx[0m `ssr: false` is not allowed with `next/dynamic` in Server Components. Please move it into a client component.
    ,-[[36;1;4mC:\Users\JUNAID-EKO\Downloads\Repo-Ranger-1\src\app\layout.tsx[0m:12:1]
 [2m 9[0m |     import { Skeleton } from '@/components/ui/skeleton';
 [2m10[0m |     import dynamic from 'next/dynamic';
 [2m11[0m |     
 [2m12[0m | [35;1m,[0m[35;1m-[0m[35;1m>[0m const PerformanceMonitor = dynamic(() => import('@/components/performance-monitor').then(mod => mod.PerformanceMonitor), {
 [2m13[0m | [35;1m|[0m     ssr: false,
 [2m14[0m | [35;1m`[0m[35;1m-[0m[35;1m>[0m });
 [2m15[0m |     
 [2m16[0m |     export const metadata: Metadata = {
 [2m17[0m |       title: {
    `----

Import trace for requested module:
./src/app/layout.tsx

./src/components/search-client-page.tsx
Error:   [31mx[0m Expected ',', got 'startTransition'
     ,-[[36;1;4mC:\Users\JUNAID-EKO\Downloads\Repo-Ranger-1\src\components\search-client-page.tsx[0m:98:1]
 [2m 95[0m |     }
 [2m 96[0m |     }
 [2m 97[0m | 
 [2m 98[0m |     startTransition(() => {
     : [35;1m    ^^^^^^^^^^^^^^^[0m
 [2m 99[0m |         const newParams = new URLSearchParams(searchParams.toString());
 [2m100[0m |         if (key === 'sort') {
 [2m101[0m |           const [sortKey, direction] = value.split('-');
     `----

Caused by:
    Syntax Error

Import trace for requested module:
./src/components/search-client-page.tsx
./src/app/search/page.tsx


> Build failed because of webpack errors
